<?xml version="1.0" encoding="UTF-8"?>
<!-- Generated by org.testng.reporters.JUnitReportReporter -->
<testsuite hostname="DESKTOP-H5488CQ" failures="0" tests="1" name="cucumberOptions.TestRunner" time="35.060" errors="0" timestamp="2020-12-07T09:44:28 AEDT" skipped="0">
  <testcase classname="cucumberOptions.TestRunner" name="feature" time="35.060"/>
  <system-out/>
</testsuite> <!-- cucumberOptions.TestRunner -->
